<?xml version="1.0" encoding="UTF-8"?>
<testng-results skipped="0" failed="2" ignored="0" total="2" passed="0">
  <reporter-output>
  </reporter-output>
  <suite name="Default suite" duration-ms="64184" started-at="2022-07-01T16:20:32 IST" finished-at="2022-07-01T16:21:36 IST">
    <groups>
    </groups>
    <test name="Default test" duration-ms="64184" started-at="2022-07-01T16:20:32 IST" finished-at="2022-07-01T16:21:36 IST">
      <class name="com.demo.seleniumspring.tests.CartPageTest">
        <test-method status="PASS" signature="createExtentReport1()[pri:0, instance:com.demo.seleniumspring.tests.CartPageTest@1ed4ae0f]" name="createExtentReport1" is-config="true" duration-ms="196" started-at="2022-07-01T16:20:32 IST" finished-at="2022-07-01T16:20:32 IST">
          <reporter-output>
          </reporter-output>
        </test-method> <!-- createExtentReport1 -->
        <test-method status="PASS" signature="springTestContextBeforeTestClass()[pri:0, instance:com.demo.seleniumspring.tests.CartPageTest@1ed4ae0f]" name="springTestContextBeforeTestClass" is-config="true" duration-ms="5" started-at="2022-07-01T16:20:32 IST" finished-at="2022-07-01T16:20:32 IST">
          <reporter-output>
          </reporter-output>
        </test-method> <!-- springTestContextBeforeTestClass -->
        <test-method status="PASS" signature="springTestContextPrepareTestInstance()[pri:0, instance:com.demo.seleniumspring.tests.CartPageTest@1ed4ae0f]" name="springTestContextPrepareTestInstance" is-config="true" duration-ms="4009" started-at="2022-07-01T16:20:32 IST" depends-on-methods="org.springframework.test.context.testng.AbstractTestNGSpringContextTests.springTestContextBeforeTestClass" finished-at="2022-07-01T16:20:36 IST">
          <reporter-output>
          </reporter-output>
        </test-method> <!-- springTestContextPrepareTestInstance -->
        <test-method status="PASS" signature="springTestContextBeforeTestMethod(java.lang.reflect.Method)[pri:0, instance:com.demo.seleniumspring.tests.CartPageTest@1ed4ae0f]" name="springTestContextBeforeTestMethod" is-config="true" duration-ms="7" started-at="2022-07-01T16:20:36 IST" finished-at="2022-07-01T16:20:36 IST">
          <params>
            <param index="0">
              <value>
                <![CDATA[public void com.demo.seleniumspring.tests.CartPageTest.addProductToTheCart() throws java.io.IOException,java.lang.InterruptedException]]>
              </value>
            </param>
          </params>
          <reporter-output>
          </reporter-output>
        </test-method> <!-- springTestContextBeforeTestMethod -->
        <test-method status="FAIL" signature="addProductToTheCart()[pri:1, instance:com.demo.seleniumspring.tests.CartPageTest@1ed4ae0f]" name="addProductToTheCart" duration-ms="27649" started-at="2022-07-01T16:20:36 IST" finished-at="2022-07-01T16:21:04 IST">
          <exception class="java.lang.AssertionError">
            <message>
              <![CDATA[expected [true] but found [false]]]>
            </message>
            <full-stacktrace>
              <![CDATA[java.lang.AssertionError: expected [true] but found [false]
at org.testng.Assert.fail(Assert.java:99)
at org.testng.Assert.failNotEquals(Assert.java:1037)
at org.testng.Assert.assertTrue(Assert.java:45)
at org.testng.Assert.assertTrue(Assert.java:55)
at com.demo.seleniumspring.tests.CartPageTest.addProductToTheCart(CartPageTest.java:47)
at sun.reflect.NativeMethodAccessorImpl.invoke0(Native Method)
at sun.reflect.NativeMethodAccessorImpl.invoke(Unknown Source)
at sun.reflect.DelegatingMethodAccessorImpl.invoke(Unknown Source)
at java.lang.reflect.Method.invoke(Unknown Source)
at org.testng.internal.MethodInvocationHelper.invokeMethod(MethodInvocationHelper.java:133)
at org.testng.internal.MethodInvocationHelper$1.runTestMethod(MethodInvocationHelper.java:239)
at org.springframework.test.context.testng.AbstractTestNGSpringContextTests.run(AbstractTestNGSpringContextTests.java:184)
at org.testng.internal.MethodInvocationHelper.invokeHookable(MethodInvocationHelper.java:253)
at org.testng.internal.TestInvoker.invokeMethod(TestInvoker.java:594)
at org.testng.internal.TestInvoker.invokeTestMethod(TestInvoker.java:173)
at org.testng.internal.MethodRunner.runInSequence(MethodRunner.java:46)
at org.testng.internal.TestInvoker$MethodInvocationAgent.invoke(TestInvoker.java:824)
at org.testng.internal.TestInvoker.invokeTestMethods(TestInvoker.java:146)
at org.testng.internal.TestMethodWorker.invokeTestMethods(TestMethodWorker.java:146)
at org.testng.internal.TestMethodWorker.run(TestMethodWorker.java:128)
at java.util.ArrayList.forEach(Unknown Source)
at org.testng.TestRunner.privateRun(TestRunner.java:794)
at org.testng.TestRunner.run(TestRunner.java:596)
at org.testng.SuiteRunner.runTest(SuiteRunner.java:377)
at org.testng.SuiteRunner.runSequentially(SuiteRunner.java:371)
at org.testng.SuiteRunner.privateRun(SuiteRunner.java:332)
at org.testng.SuiteRunner.run(SuiteRunner.java:276)
at org.testng.SuiteRunnerWorker.runSuite(SuiteRunnerWorker.java:53)
at org.testng.SuiteRunnerWorker.run(SuiteRunnerWorker.java:96)
at org.testng.TestNG.runSuitesSequentially(TestNG.java:1212)
at org.testng.TestNG.runSuitesLocally(TestNG.java:1134)
at org.testng.TestNG.runSuites(TestNG.java:1063)
at org.testng.TestNG.run(TestNG.java:1031)
at org.testng.remote.AbstractRemoteTestNG.run(AbstractRemoteTestNG.java:115)
at org.testng.remote.RemoteTestNG.initAndRun(RemoteTestNG.java:251)
at org.testng.remote.RemoteTestNG.main(RemoteTestNG.java:77)
]]>
            </full-stacktrace>
          </exception> <!-- java.lang.AssertionError -->
          <reporter-output>
          </reporter-output>
        </test-method> <!-- addProductToTheCart -->
        <test-method status="PASS" signature="endReport(org.testng.ITestResult)[pri:0, instance:com.demo.seleniumspring.tests.CartPageTest@1ed4ae0f]" name="endReport" is-config="true" duration-ms="18" started-at="2022-07-01T16:21:04 IST" finished-at="2022-07-01T16:21:04 IST">
          <params>
            <param index="0">
              <value>
                <![CDATA[[TestResult name=addProductToTheCart status=FAILURE method=CartPageTest.addProductToTheCart()[pri:1, instance:com.demo.seleniumspring.tests.CartPageTest@1ed4ae0f] output={null}]]]>
              </value>
            </param>
          </params>
          <reporter-output>
          </reporter-output>
        </test-method> <!-- endReport -->
        <test-method status="PASS" signature="springTestContextAfterTestMethod(java.lang.reflect.Method)[pri:0, instance:com.demo.seleniumspring.tests.CartPageTest@1ed4ae0f]" name="springTestContextAfterTestMethod" is-config="true" duration-ms="4" started-at="2022-07-01T16:21:04 IST" finished-at="2022-07-01T16:21:04 IST">
          <params>
            <param index="0">
              <value>
                <![CDATA[public void com.demo.seleniumspring.tests.CartPageTest.addProductToTheCart() throws java.io.IOException,java.lang.InterruptedException]]>
              </value>
            </param>
          </params>
          <reporter-output>
          </reporter-output>
        </test-method> <!-- springTestContextAfterTestMethod -->
        <test-method status="PASS" signature="springTestContextBeforeTestMethod(java.lang.reflect.Method)[pri:0, instance:com.demo.seleniumspring.tests.CartPageTest@1ed4ae0f]" name="springTestContextBeforeTestMethod" is-config="true" duration-ms="1" started-at="2022-07-01T16:21:04 IST" finished-at="2022-07-01T16:21:04 IST">
          <params>
            <param index="0">
              <value>
                <![CDATA[public void com.demo.seleniumspring.tests.CartPageTest.removeAddedProductFromCart() throws java.lang.InterruptedException,java.io.IOException]]>
              </value>
            </param>
          </params>
          <reporter-output>
          </reporter-output>
        </test-method> <!-- springTestContextBeforeTestMethod -->
        <test-method status="FAIL" signature="removeAddedProductFromCart()[pri:2, instance:com.demo.seleniumspring.tests.CartPageTest@1ed4ae0f]" name="removeAddedProductFromCart" duration-ms="31370" started-at="2022-07-01T16:21:04 IST" finished-at="2022-07-01T16:21:35 IST">
          <exception class="org.openqa.selenium.NoSuchElementException">
            <message>
              <![CDATA[no such element: Unable to locate element: {"method":"xpath","selector":"//input[@type='text' and @class='_2IX_2- VJZDxU']"}
  (Session info: chrome=103.0.5060.66)
For documentation on this error, please visit: https://www.seleniumhq.org/exceptions/no_such_element.html
Build info: version: '3.141.59', revision: 'e82be7d358', time: '2018-11-14T08:17:03'
System info: host: 'HYD-LAP-01165', ip: '192.168.1.4', os.name: 'Windows 10', os.arch: 'amd64', os.version: '10.0', java.version: '1.8.0_251'
Driver info: org.openqa.selenium.chrome.ChromeDriver
Capabilities {acceptInsecureCerts: false, browserName: chrome, browserVersion: 103.0.5060.66, chrome: {chromedriverVersion: 103.0.5060.53 (a1711811edd7..., userDataDir: C:\Users\SMUKTH~1\AppData\L...}, goog:chromeOptions: {debuggerAddress: localhost:51787}, javascriptEnabled: true, networkConnectionEnabled: false, pageLoadStrategy: normal, platform: WINDOWS, platformName: WINDOWS, proxy: Proxy(), setWindowRect: true, strictFileInteractability: false, timeouts: {implicit: 0, pageLoad: 300000, script: 30000}, unhandledPromptBehavior: dismiss and notify, webauthn:extension:credBlob: true, webauthn:extension:largeBlob: true, webauthn:virtualAuthenticators: true}
Session ID: c70e3baeacd76fb8f99ff4a5841b27dc
*** Element info: {Using=xpath, value=//input[@type='text' and @class='_2IX_2- VJZDxU']}]]>
            </message>
            <full-stacktrace>
              <![CDATA[org.openqa.selenium.NoSuchElementException: no such element: Unable to locate element: {"method":"xpath","selector":"//input[@type='text' and @class='_2IX_2- VJZDxU']"}
  (Session info: chrome=103.0.5060.66)
For documentation on this error, please visit: https://www.seleniumhq.org/exceptions/no_such_element.html
Build info: version: '3.141.59', revision: 'e82be7d358', time: '2018-11-14T08:17:03'
System info: host: 'HYD-LAP-01165', ip: '192.168.1.4', os.name: 'Windows 10', os.arch: 'amd64', os.version: '10.0', java.version: '1.8.0_251'
Driver info: org.openqa.selenium.chrome.ChromeDriver
Capabilities {acceptInsecureCerts: false, browserName: chrome, browserVersion: 103.0.5060.66, chrome: {chromedriverVersion: 103.0.5060.53 (a1711811edd7..., userDataDir: C:\Users\SMUKTH~1\AppData\L...}, goog:chromeOptions: {debuggerAddress: localhost:51787}, javascriptEnabled: true, networkConnectionEnabled: false, pageLoadStrategy: normal, platform: WINDOWS, platformName: WINDOWS, proxy: Proxy(), setWindowRect: true, strictFileInteractability: false, timeouts: {implicit: 0, pageLoad: 300000, script: 30000}, unhandledPromptBehavior: dismiss and notify, webauthn:extension:credBlob: true, webauthn:extension:largeBlob: true, webauthn:virtualAuthenticators: true}
Session ID: c70e3baeacd76fb8f99ff4a5841b27dc
*** Element info: {Using=xpath, value=//input[@type='text' and @class='_2IX_2- VJZDxU']}
at sun.reflect.NativeConstructorAccessorImpl.newInstance0(Native Method)
at sun.reflect.NativeConstructorAccessorImpl.newInstance(Unknown Source)
at sun.reflect.DelegatingConstructorAccessorImpl.newInstance(Unknown Source)
at java.lang.reflect.Constructor.newInstance(Unknown Source)
at org.openqa.selenium.remote.http.W3CHttpResponseCodec.createException(W3CHttpResponseCodec.java:187)
at org.openqa.selenium.remote.http.W3CHttpResponseCodec.decode(W3CHttpResponseCodec.java:122)
at org.openqa.selenium.remote.http.W3CHttpResponseCodec.decode(W3CHttpResponseCodec.java:49)
at org.openqa.selenium.remote.HttpCommandExecutor.execute(HttpCommandExecutor.java:158)
at org.openqa.selenium.remote.service.DriverCommandExecutor.execute(DriverCommandExecutor.java:83)
at org.openqa.selenium.remote.RemoteWebDriver.execute(RemoteWebDriver.java:552)
at org.openqa.selenium.remote.RemoteWebDriver.findElement(RemoteWebDriver.java:323)
at org.openqa.selenium.remote.RemoteWebDriver.findElementByXPath(RemoteWebDriver.java:428)
at org.openqa.selenium.By$ByXPath.findElement(By.java:353)
at org.openqa.selenium.remote.RemoteWebDriver.findElement(RemoteWebDriver.java:315)
at org.openqa.selenium.support.pagefactory.DefaultElementLocator.findElement(DefaultElementLocator.java:69)
at org.openqa.selenium.support.pagefactory.internal.LocatingElementHandler.invoke(LocatingElementHandler.java:38)
at com.sun.proxy.$Proxy64.sendKeys(Unknown Source)
at com.demo.seleniumspring.pageObjects.LoginPage.loginToFlipkartApp(LoginPage.java:34)
at com.demo.seleniumspring.tests.CartPageTest.removeAddedProductFromCart(CartPageTest.java:58)
at sun.reflect.NativeMethodAccessorImpl.invoke0(Native Method)
at sun.reflect.NativeMethodAccessorImpl.invoke(Unknown Source)
at sun.reflect.DelegatingMethodAccessorImpl.invoke(Unknown Source)
at java.lang.reflect.Method.invoke(Unknown Source)
at org.testng.internal.MethodInvocationHelper.invokeMethod(MethodInvocationHelper.java:133)
at org.testng.internal.MethodInvocationHelper$1.runTestMethod(MethodInvocationHelper.java:239)
at org.springframework.test.context.testng.AbstractTestNGSpringContextTests.run(AbstractTestNGSpringContextTests.java:184)
at org.testng.internal.MethodInvocationHelper.invokeHookable(MethodInvocationHelper.java:253)
at org.testng.internal.TestInvoker.invokeMethod(TestInvoker.java:594)
at org.testng.internal.TestInvoker.invokeTestMethod(TestInvoker.java:173)
at org.testng.internal.MethodRunner.runInSequence(MethodRunner.java:46)
at org.testng.internal.TestInvoker$MethodInvocationAgent.invoke(TestInvoker.java:824)
at org.testng.internal.TestInvoker.invokeTestMethods(TestInvoker.java:146)
at org.testng.internal.TestMethodWorker.invokeTestMethods(TestMethodWorker.java:146)
at org.testng.internal.TestMethodWorker.run(TestMethodWorker.java:128)
at java.util.ArrayList.forEach(Unknown Source)
at org.testng.TestRunner.privateRun(TestRunner.java:794)
at org.testng.TestRunner.run(TestRunner.java:596)
at org.testng.SuiteRunner.runTest(SuiteRunner.java:377)
at org.testng.SuiteRunner.runSequentially(SuiteRunner.java:371)
at org.testng.SuiteRunner.privateRun(SuiteRunner.java:332)
at org.testng.SuiteRunner.run(SuiteRunner.java:276)
at org.testng.SuiteRunnerWorker.runSuite(SuiteRunnerWorker.java:53)
at org.testng.SuiteRunnerWorker.run(SuiteRunnerWorker.java:96)
at org.testng.TestNG.runSuitesSequentially(TestNG.java:1212)
at org.testng.TestNG.runSuitesLocally(TestNG.java:1134)
at org.testng.TestNG.runSuites(TestNG.java:1063)
at org.testng.TestNG.run(TestNG.java:1031)
at org.testng.remote.AbstractRemoteTestNG.run(AbstractRemoteTestNG.java:115)
at org.testng.remote.RemoteTestNG.initAndRun(RemoteTestNG.java:251)
at org.testng.remote.RemoteTestNG.main(RemoteTestNG.java:77)
]]>
            </full-stacktrace>
          </exception> <!-- org.openqa.selenium.NoSuchElementException -->
          <reporter-output>
          </reporter-output>
        </test-method> <!-- removeAddedProductFromCart -->
        <test-method status="PASS" signature="endReport(org.testng.ITestResult)[pri:0, instance:com.demo.seleniumspring.tests.CartPageTest@1ed4ae0f]" name="endReport" is-config="true" duration-ms="2" started-at="2022-07-01T16:21:35 IST" finished-at="2022-07-01T16:21:35 IST">
          <params>
            <param index="0">
              <value>
                <![CDATA[[TestResult name=removeAddedProductFromCart status=FAILURE method=CartPageTest.removeAddedProductFromCart()[pri:2, instance:com.demo.seleniumspring.tests.CartPageTest@1ed4ae0f] output={null}]]]>
              </value>
            </param>
          </params>
          <reporter-output>
          </reporter-output>
        </test-method> <!-- endReport -->
        <test-method status="PASS" signature="springTestContextAfterTestMethod(java.lang.reflect.Method)[pri:0, instance:com.demo.seleniumspring.tests.CartPageTest@1ed4ae0f]" name="springTestContextAfterTestMethod" is-config="true" duration-ms="1" started-at="2022-07-01T16:21:35 IST" finished-at="2022-07-01T16:21:35 IST">
          <params>
            <param index="0">
              <value>
                <![CDATA[public void com.demo.seleniumspring.tests.CartPageTest.removeAddedProductFromCart() throws java.lang.InterruptedException,java.io.IOException]]>
              </value>
            </param>
          </params>
          <reporter-output>
          </reporter-output>
        </test-method> <!-- springTestContextAfterTestMethod -->
        <test-method status="PASS" signature="springTestContextAfterTestClass()[pri:0, instance:com.demo.seleniumspring.tests.CartPageTest@1ed4ae0f]" name="springTestContextAfterTestClass" is-config="true" duration-ms="3" started-at="2022-07-01T16:21:35 IST" finished-at="2022-07-01T16:21:35 IST">
          <reporter-output>
          </reporter-output>
        </test-method> <!-- springTestContextAfterTestClass -->
        <test-method status="PASS" signature="endReport()[pri:0, instance:com.demo.seleniumspring.tests.CartPageTest@1ed4ae0f]" name="endReport" is-config="true" duration-ms="852" started-at="2022-07-01T16:21:35 IST" finished-at="2022-07-01T16:21:36 IST">
          <reporter-output>
          </reporter-output>
        </test-method> <!-- endReport -->
      </class> <!-- com.demo.seleniumspring.tests.CartPageTest -->
    </test> <!-- Default test -->
  </suite> <!-- Default suite -->
</testng-results>
